23 Nov 2021 13:38:16;INFO;Conecting to mongodb+srv://user:OBxIoqsu4yDflTQq@news.ray5r.mongodb.net/News?retryWrites=true&w=majority
23 Nov 2021 13:38:16;INFO;Installing newsapi-python package
23 Nov 2021 13:38:17;INFO;newsapi-python Is installed successfully
23 Nov 2021 13:38:17;INFO;Installing pyttsx3 package
23 Nov 2021 13:38:17;INFO;pyttsx3 Is already installed
23 Nov 2021 13:38:17;INFO;Installing datetime package
23 Nov 2021 13:38:17;INFO;datetime Is already installed
23 Nov 2021 13:38:17;INFO;Installing pymongo package
23 Nov 2021 13:38:17;INFO;pymongo Is already installed
23 Nov 2021 13:38:17;INFO;Installing certifi package
23 Nov 2021 13:38:17;INFO;certifi Is already installed
23 Nov 2021 13:38:17;INFO;Creating data local base
23 Nov 2021 13:38:17;INFO;Local db already exist
23 Nov 2021 13:38:17;INFO;Adding data to local data base from db on server
23 Nov 2021 13:38:18;INFO;Data was in data base already
23 Nov 2021 13:38:18;INFO;Data was in data base already
23 Nov 2021 13:38:18;INFO;Data was in data base already
23 Nov 2021 13:38:18;INFO;Data was in data base already
23 Nov 2021 13:38:18;INFO;Data was in data base already
23 Nov 2021 13:38:18;INFO;Data was in data base already
23 Nov 2021 13:38:18;INFO;Data was in data base already
23 Nov 2021 13:38:18;INFO;Data was in data base already
23 Nov 2021 13:38:18;INFO;Data was in data base already
23 Nov 2021 13:38:18;INFO;Data was in data base already
23 Nov 2021 13:38:18;INFO;Data was in data base already
23 Nov 2021 13:38:18;INFO;Data was in data base already
23 Nov 2021 13:38:18;INFO;Data was in data base already
23 Nov 2021 13:38:18;INFO;Data was in data base already
23 Nov 2021 13:38:18;INFO;Data was in data base already
23 Nov 2021 13:38:18;INFO;Data was in data base already
23 Nov 2021 13:38:18;INFO;Data was in data base already
23 Nov 2021 13:38:18;INFO;Data was in data base already
23 Nov 2021 13:38:18;INFO;Data was in data base already
23 Nov 2021 13:38:18;INFO;Data was in data base already
23 Nov 2021 13:38:18;INFO;Data was in data base already
23 Nov 2021 13:38:18;INFO;Data was in data base already
23 Nov 2021 13:38:18;INFO;Data was in data base already
23 Nov 2021 13:38:18;INFO;Data was in data base already
23 Nov 2021 13:38:18;INFO;Data was in data base already
23 Nov 2021 13:38:18;INFO;Data was in data base already
23 Nov 2021 13:38:18;INFO;Data was in data base already
23 Nov 2021 13:38:18;INFO;Data was in data base already
23 Nov 2021 13:38:18;INFO;Data was in data base already
23 Nov 2021 13:38:18;INFO;Data was in data base already
23 Nov 2021 13:38:18;INFO;Data was in data base already
23 Nov 2021 13:38:18;INFO;Data was in data base already
23 Nov 2021 13:38:18;INFO;Data was in data base already
23 Nov 2021 13:38:18;INFO;Data was in data base already
23 Nov 2021 13:38:18;INFO;Data was in data base already
23 Nov 2021 13:38:18;INFO;Data was in data base already
23 Nov 2021 13:38:18;INFO;Data was in data base already
23 Nov 2021 13:38:18;INFO;Data was in data base already
23 Nov 2021 13:38:18;INFO;Data was in data base already
23 Nov 2021 13:38:18;INFO;Data was in data base already
23 Nov 2021 13:38:18;INFO;Data was in data base already
23 Nov 2021 13:38:18;INFO;Data was in data base already
23 Nov 2021 13:38:18;INFO;Data was in data base already
23 Nov 2021 13:38:18;INFO;Data was in data base already
23 Nov 2021 13:38:18;INFO;Data was in data base already
23 Nov 2021 13:38:18;INFO;Data was in data base already
23 Nov 2021 13:38:18;INFO;Data was in data base already
23 Nov 2021 13:38:18;INFO;Data was in data base already
23 Nov 2021 13:38:18;INFO;Data was in data base already
23 Nov 2021 13:38:18;INFO;Data was in data base already
23 Nov 2021 13:38:18;INFO;Data was in data base already
23 Nov 2021 13:38:18;INFO;Data was in data base already
23 Nov 2021 13:38:18;INFO;Data was in data base already
23 Nov 2021 13:38:18;INFO;Data was in data base already
23 Nov 2021 13:38:18;INFO;Data was in data base already
23 Nov 2021 13:38:18;INFO;Data was in data base already
23 Nov 2021 13:38:18;INFO;Data was in data base already
23 Nov 2021 13:38:18;INFO;Data was in data base already
23 Nov 2021 13:38:18;INFO;Data was in data base already
23 Nov 2021 13:38:18;INFO;Data was in data base already
23 Nov 2021 13:38:18;INFO;Data was in data base already
23 Nov 2021 13:38:18;INFO;Data was in data base already
23 Nov 2021 13:38:18;INFO;Data was in data base already
23 Nov 2021 13:38:18;INFO;Data was in data base already
23 Nov 2021 13:38:18;INFO;Data was in data base already
23 Nov 2021 13:38:18;INFO;Data was in data base already
23 Nov 2021 13:38:18;INFO;Data was in data base already
23 Nov 2021 13:38:18;INFO;Data was in data base already
23 Nov 2021 13:38:18;INFO;Data was in data base already
23 Nov 2021 13:38:18;INFO;Data was in data base already
23 Nov 2021 13:38:18;INFO;Data was in data base already
23 Nov 2021 13:38:18;INFO;Data was in data base already
23 Nov 2021 13:38:18;INFO;Data was in data base already
23 Nov 2021 13:38:18;INFO;Data was in data base already
23 Nov 2021 13:38:18;INFO;Data was in data base already
23 Nov 2021 13:38:18;INFO;Data was in data base already
23 Nov 2021 13:38:18;INFO;Data was in data base already
23 Nov 2021 13:38:18;INFO;Data was in data base already
23 Nov 2021 13:38:18;INFO;Data was in data base already
23 Nov 2021 13:38:18;INFO;Data was in data base already
23 Nov 2021 13:38:18;INFO;Data was in data base already
23 Nov 2021 13:38:18;INFO;Data was in data base already
23 Nov 2021 13:38:18;INFO;Data was in data base already
23 Nov 2021 13:38:18;INFO;Data was in data base already
23 Nov 2021 13:38:18;INFO;Data was in data base already
23 Nov 2021 13:38:18;INFO;Data was in data base already
23 Nov 2021 13:38:18;INFO;Data was in data base already
23 Nov 2021 13:38:18;INFO;Data was in data base already
23 Nov 2021 13:38:18;INFO;Data was in data base already
23 Nov 2021 13:38:18;INFO;Data was in data base already
23 Nov 2021 13:38:18;INFO;Data was in data base already
23 Nov 2021 13:38:18;INFO;Data was in data base already
23 Nov 2021 13:38:18;INFO;Data was in data base already
23 Nov 2021 13:38:18;INFO;Data was in data base already
23 Nov 2021 13:38:18;INFO;Data was in data base already
23 Nov 2021 13:38:18;INFO;Data was in data base already
23 Nov 2021 13:38:18;INFO;Data was in data base already
23 Nov 2021 13:38:18;INFO;Data was in data base already
23 Nov 2021 13:38:18;INFO;Data was in data base already
23 Nov 2021 13:38:18;INFO;Data was in data base already
23 Nov 2021 13:38:18;INFO;Data was in data base already
23 Nov 2021 13:38:18;INFO;Data was in data base already
23 Nov 2021 13:38:18;INFO;Data was in data base already
23 Nov 2021 13:38:18;INFO;Data was in data base already
23 Nov 2021 13:38:18;INFO;Data was in data base already
23 Nov 2021 13:38:18;INFO;Data was in data base already
23 Nov 2021 13:38:18;INFO;Data was in data base already
23 Nov 2021 13:38:18;INFO;Data was in data base already
23 Nov 2021 13:38:18;INFO;Data was in data base already
23 Nov 2021 13:38:18;INFO;Data was in data base already
23 Nov 2021 13:38:18;INFO;Data was in data base already
23 Nov 2021 13:38:18;INFO;Data was in data base already
23 Nov 2021 13:38:18;INFO;Data was in data base already
23 Nov 2021 13:38:18;INFO;Data was in data base already
23 Nov 2021 13:38:18;INFO;Data was in data base already
23 Nov 2021 13:38:18;INFO;Data was in data base already
23 Nov 2021 13:38:18;INFO;Data was in data base already
23 Nov 2021 13:38:18;INFO;Data was in data base already
23 Nov 2021 13:38:18;INFO;Data was in data base already
23 Nov 2021 13:38:18;INFO;Data was in data base already
23 Nov 2021 13:38:18;INFO;Data was in data base already
23 Nov 2021 13:38:18;INFO;Data was in data base already
23 Nov 2021 13:38:18;INFO;Data was in data base already
23 Nov 2021 13:38:18;INFO;Data was in data base already
23 Nov 2021 13:38:18;INFO;Data was in data base already
23 Nov 2021 13:38:18;INFO;Data was in data base already
23 Nov 2021 13:38:18;INFO;Data was in data base already
23 Nov 2021 13:38:18;INFO;Data was in data base already
23 Nov 2021 13:38:18;INFO;Data was in data base already
23 Nov 2021 13:38:18;INFO;Data was in data base already
23 Nov 2021 13:38:18;INFO;Data was in data base already
23 Nov 2021 13:38:18;INFO;Data was in data base already
23 Nov 2021 13:38:18;INFO;Data was in data base already
23 Nov 2021 13:38:18;INFO;Data was in data base already
23 Nov 2021 13:38:18;INFO;Started
23 Nov 2021 13:38:18;INFO;Getting headlines from bbc-news
23 Nov 2021 13:38:18;INFO;Imported existing <module 'comtypes.gen' from 'C:\\Users\\User\\AppData\\Local\\Programs\\Python\\Python39\\lib\\site-packages\\comtypes\\gen\\__init__.py'>
23 Nov 2021 13:38:18;INFO;Using writeable comtypes cache directory: 'C:\Users\User\AppData\Local\Programs\Python\Python39\lib\site-packages\comtypes\gen'
